Script started on Sat 27 Nov 2021 03:36:12 PM EST
[ -d .env ] || python3 -m venv .env
source .env/bin/activate && pip install -r requirements.txt
Looking in indexes: https://artifactory.ncbi.nlm.nih.gov/artifactory/api/pypi/python-virtual-repo/simple
Collecting pypistats
  Downloading https://artifactory.ncbi.nlm.nih.gov/artifactory/api/pypi/python-virtual-repo/packages/packages/be/d3/dcb936a67fb4cbd70c83e4879cd8c5eeb61d7d4ed0778cc0e87c08408abc/pypistats-1.0.0-py3-none-any.whl (12 kB)
Collecting pytablewriter[html]>=0.63
  Downloading https://artifactory.ncbi.nlm.nih.gov/artifactory/api/pypi/python-virtual-repo/packages/packages/ce/bd/95a3ce2861e5596b1fba74d21ead24f0d9e58d044e8472c849fd726d384f/pytablewriter-0.64.1-py3-none-any.whl (106 kB)
K25l  |████████████████████████████████| 106kkB775.1MMB/seeta00:00:01
?25hCollecting termcolor
  Downloading https://artifactory.ncbi.nlm.nih.gov/artifactory/api/pypi/python-virtual-repo/termcolor/1.1.0/termcolor-1.1.0-py3-none-any.whl (5.7 kB)
Collecting python-dateutil
  Downloading https://artifactory.ncbi.nlm.nih.gov/artifactory/api/pypi/python-virtual-repo/python-dateutil/2.8.2/python_dateutil-2.8.2-py2.py3-none-any.whl (247 kB)
K25l  |████████████████████████████████| 247kkB779.0MMB/seeta00:00:01
?25hCollecting httpx>=0.19
  Downloading https://artifactory.ncbi.nlm.nih.gov/artifactory/api/pypi/python-virtual-repo/packages/packages/a1/c8/6aef2a5521c76a0bb1a2a0d18829cd36ae13711589b849c536463c8aded8/httpx-0.21.1-py3-none-any.whl (83 kB)
K25l  |████████████████████████████████| 83 kB 50.3 MB/s eta 0:00:01
?25hCollecting prettytable>=2.4.0
  Downloading https://artifactory.ncbi.nlm.nih.gov/artifactory/api/pypi/python-virtual-repo/packages/packages/de/56/554603797416219cae8fd3eae33e5e2d58a7fc73419129b62fa419a67856/prettytable-2.4.0-py3-none-any.whl (24 kB)
Collecting python-slugify
  Downloading https://artifactory.ncbi.nlm.nih.gov/artifactory/api/pypi/python-virtual-repo/packages/packages/7e/e2/0c8be1e3b237d11f10963c7cef82e4d98d70ca6e176f3922dddf7bfc7026/python_slugify-5.0.2-py2.py3-none-any.whl (6.7 kB)
Collecting platformdirs
  Downloading https://artifactory.ncbi.nlm.nih.gov/artifactory/api/pypi/python-virtual-repo/packages/packages/b1/78/dcfd84d3aabd46a9c77260fb47ea5d244806e4daef83aa6fe5d83adb182c/platformdirs-2.4.0-py3-none-any.whl (14 kB)
Collecting DataProperty<2,>=0.54.2
  Downloading https://artifactory.ncbi.nlm.nih.gov/artifactory/api/pypi/python-virtual-repo/packages/packages/ad/29/8f588bf65af2a24a12fd8fceda359aee41a2643fa9af742091f279738692/DataProperty-0.54.2-py3-none-any.whl (26 kB)
Collecting mbstrdecoder<2,>=1.0.0
  Downloading https://artifactory.ncbi.nlm.nih.gov/artifactory/api/pypi/python-virtual-repo/packages/packages/28/fb/62b091148cdce6373290be5ee23ac46caecbc637ecc2a92ceb84570d9652/mbstrdecoder-1.1.0-py3-none-any.whl (7.8 kB)
Requirement already satisfied: setuptools>=38.3.0 in ./.env/lib/python3.8/site-packages (from pytablewriter[html]>=0.63->pypistats->-r requirements.txt (line 1)) (49.2.1)
Collecting tabledata<2,>=1.3.0
  Downloading https://artifactory.ncbi.nlm.nih.gov/artifactory/api/pypi/python-virtual-repo/packages/packages/fb/b6/8692a0f168708e0f91e56a3aa6285cc4e8f74938d463ba92dfa90902e66f/tabledata-1.3.0-py3-none-any.whl (11 kB)
Collecting pathvalidate<3,>=2.3.0
  Downloading https://artifactory.ncbi.nlm.nih.gov/artifactory/api/pypi/python-virtual-repo/packages/packages/35/97/20e04661d607df6b73844fb03914aeee2c6cacd5f97a040ba3d266a92983/pathvalidate-2.5.0-py3-none-any.whl (19 kB)
Collecting typepy[datetime]<2,>=1.2.0
  Downloading https://artifactory.ncbi.nlm.nih.gov/artifactory/api/pypi/python-virtual-repo/packages/packages/04/a0/27827f2581b7f292422bcac55c326a2fe785dc28bb4e9de9accac88be769/typepy-1.3.0-py3-none-any.whl (31 kB)
Collecting tcolorpy<1,>=0.0.5
  Downloading https://artifactory.ncbi.nlm.nih.gov/artifactory/api/pypi/python-virtual-repo/packages/packages/96/73/2a73a7d53df3708636dae4e817814d07e455efd53897476f3863925cf0af/tcolorpy-0.1.1-py3-none-any.whl (8.0 kB)
Collecting dominate<3,>=2.1.5; extra == "html"
  Downloading https://artifactory.ncbi.nlm.nih.gov/artifactory/api/pypi/python-virtual-repo/packages/packages/ef/a8/4354f8122c39e35516a2708746d89db5e339c867abbd8e0179bccee4b7f9/dominate-2.6.0-py2.py3-none-any.whl (29 kB)
Collecting six>=1.5
  Downloading https://artifactory.ncbi.nlm.nih.gov/artifactory/api/pypi/python-virtual-repo/six/1.16.0/six-1.16.0-py2.py3-none-any.whl (11 kB)
Collecting charset-normalizer
  Downloading https://artifactory.ncbi.nlm.nih.gov/artifactory/api/pypi/python-virtual-repo/packages/packages/c8/27/141554fc0f42c05dd318fbb0be0e3e018da686544a3ff452762e49ccac58/charset_normalizer-2.0.8-py3-none-any.whl (39 kB)
Collecting rfc3986[idna2008]<2,>=1.3
  Downloading https://artifactory.ncbi.nlm.nih.gov/artifactory/api/pypi/python-virtual-repo/packages/packages/c4/e5/63ca2c4edf4e00657584608bee1001302bbf8c5f569340b78304f2f446cb/rfc3986-1.5.0-py2.py3-none-any.whl (31 kB)
Collecting httpcore<0.15.0,>=0.14.0
  Downloading https://artifactory.ncbi.nlm.nih.gov/artifactory/api/pypi/python-virtual-repo/packages/packages/ac/af/2d3a940b009567ad97cbb97e6387950339dd8552999abe0c6f562f4a9dca/httpcore-0.14.3-py3-none-any.whl (56 kB)
K25l  |████████████████████████████████| 56 kB 51.6 MB/s eta 0:00:01
?25hCollecting certifi
  Downloading https://artifactory.ncbi.nlm.nih.gov/artifactory/api/pypi/python-virtual-repo/certifi/2021.10.8/certifi-2021.10.8-py2.py3-none-any.whl (149 kB)
K25l  |████████████████████████████████| 149kkB772.6MMB/seeta00:00:01
?25hCollecting sniffio
  Downloading https://artifactory.ncbi.nlm.nih.gov/artifactory/api/pypi/python-virtual-repo/packages/packages/52/b0/7b2e028b63d092804b6794595871f936aafa5e9322dcaaad50ebf67445b3/sniffio-1.2.0-py3-none-any.whl (10 kB)
Collecting wcwidth
  Downloading https://artifactory.ncbi.nlm.nih.gov/artifactory/api/pypi/python-virtual-repo/packages/packages/59/7c/e39aca596badaf1b78e8f547c807b04dae603a433d3e7a7e04d67f2ef3e5/wcwidth-0.2.5-py2.py3-none-any.whl (30 kB)
Collecting text-unidecode>=1.3
  Downloading https://artifactory.ncbi.nlm.nih.gov/artifactory/api/pypi/python-virtual-repo/text-unidecode/1.3/text_unidecode-1.3-py2.py3-none-any.whl (78 kB)
K25l  |████████████████████████████████| 78 kB 71.9 MB/s eta 0:00:01
?25hCollecting chardet<5,>=3.0.4
  Downloading https://artifactory.ncbi.nlm.nih.gov/artifactory/api/pypi/python-virtual-repo/chardet/4.0.0/chardet-4.0.0-py2.py3-none-any.whl (178 kB)
K25l  |████████████████████████████████| 178kkB772.0MMB/seeta00:00:01
?25hCollecting pytz>=2018.9; extra == "datetime"
  Downloading https://artifactory.ncbi.nlm.nih.gov/artifactory/api/pypi/python-virtual-repo/pytz/2021.3/pytz-2021.3-py2.py3-none-any.whl (503 kB)
K25l  |████████████████████████████████| 503kkB554.8MMB/seeta00:00:01
?25hCollecting packaging; extra == "datetime"
  Downloading https://artifactory.ncbi.nlm.nih.gov/artifactory/api/pypi/python-virtual-repo/packages/packages/05/8e/8de486cbd03baba4deef4142bd643a3e7bbe954a784dc1bb17142572d127/packaging-21.3-py3-none-any.whl (40 kB)
K25l  |████████████████████████████████| 40 kB 61.7 MB/s eta 0:00:01
?25hCollecting idna; extra == "idna2008"
  Downloading https://artifactory.ncbi.nlm.nih.gov/artifactory/api/pypi/python-virtual-repo/packages/packages/04/a2/d918dcd22354d8958fe113e1a3630137e0fc8b44859ade3063982eacd2a4/idna-3.3-py3-none-any.whl (61 kB)
K25l  |████████████████████████████████| 61 kB 73.0 MB/s eta 0:00:01
?25hCollecting anyio==3.*
  Downloading https://artifactory.ncbi.nlm.nih.gov/artifactory/api/pypi/python-virtual-repo/packages/packages/ad/0a/919c040f061bc31f604ee8275ada8fa9f6f237425010afa523e429a04a45/anyio-3.4.0-py3-none-any.whl (78 kB)
K25l  |████████████████████████████████| 78 kB 77.4 MB/s eta 0:00:01
?25hCollecting h11<0.13,>=0.11
  Downloading https://artifactory.ncbi.nlm.nih.gov/artifactory/api/pypi/python-virtual-repo/packages/packages/60/0f/7a0eeea938eaf61074f29fed9717f2010e8d0e0905d36b38d3275a1e4622/h11-0.12.0-py3-none-any.whl (54 kB)
K25l  |████████████████████████████████| 54 kB 63.5 MB/s eta 0:00:01
?25hCollecting pyparsing!=3.0.5,>=2.0.2
  Downloading https://artifactory.ncbi.nlm.nih.gov/artifactory/api/pypi/python-virtual-repo/packages/packages/a0/34/895006117f6fce0b4de045c87e154ee4a20c68ec0a4c9a36d900888fb6bc/pyparsing-3.0.6-py3-none-any.whl (97 kB)
K25l  |████████████████████████████████| 97 kB 71.8 MB/s eta 0:00:01
?25hInstalling collected packages: chardet, mbstrdecoder, pytz, six, python-dateutil, pyparsing, packaging, typepy, DataProperty, tabledata, pathvalidate, tcolorpy, dominate, pytablewriter, termcolor, charset-normalizer, idna, rfc3986, sniffio, anyio, certifi, h11, httpcore, httpx, wcwidth, prettytable, text-unidecode, python-slugify, platformdirs, pypistats
Successfully installed DataProperty-0.54.2 anyio-3.4.0 certifi-2021.10.8 chardet-4.0.0 charset-normalizer-2.0.8 dominate-2.6.0 h11-0.12.0 httpcore-0.14.3 httpx-0.21.1 idna-3.3 mbstrdecoder-1.1.0 packaging-21.3 pathvalidate-2.5.0 platformdirs-2.4.0 prettytable-2.4.0 pyparsing-3.0.6 pypistats-1.0.0 pytablewriter-0.64.1 python-dateutil-2.8.2 python-slugify-5.0.2 pytz-2021.3 rfc3986-1.5.0 six-1.16.0 sniffio-1.2.0 tabledata-1.3.0 tcolorpy-0.1.1 termcolor-1.1.0 text-unidecode-1.3 typepy-1.3.0 wcwidth-0.2.5
33mWARNING: You are using pip version 20.2.3; however, version 21.3.1 is available.
You should consider upgrading via the '/export/home/camacho/elastic-blast-to-upload-to-pypi/share/tools/usage/.env/bin/python3 -m pip install --upgrade pip' command.0m
source .env/bin/activate && pypistats --help
usage: pypistats [-h] [-V] {recent,overall,python_major,python_minor,system} ...

positional arguments:
  {recent,overall,python_major,python_minor,system}

optional arguments:
  -h, --help		show this help message and exit
  -V, --version		show program's version number and exit
source .env/bin/activate && pypistats overall --help
usage: pypistats overall [-h] [--mirrors {true,false,with,without}] [-f {html,json,markdown,rst,tsv}] [-j] [-sd yyyy-mm[-dd]|name] [-ed yyyy-mm[-dd]|name] [-m yyyy-mm|name] [-l] [-t] [-d] [--monthly]
			 [-c {yes,no,auto}] [-v]
			 package

Retrieve the aggregate daily download time series with or without mirror downloads

positional arguments:
  package

optional arguments:
  -h, --help		show this help message and exit
  --mirrors {true,false,with,without}
  -f {html,json,markdown,rst,tsv}, --format {html,json,markdown,rst,tsv}
			The format of output (default: markdown)
  -j, --json		Shortcut for "-f json" (default: False)
  -sd yyyy-mm[-dd]|name, --start-date yyyy-mm[-dd]|name
			Start date (default: None)
  -ed yyyy-mm[-dd]|name, --end-date yyyy-mm[-dd]|name
			End date (default: None)
  -m yyyy-mm|name, --month yyyy-mm|name
			Shortcut for -sd & -ed for a single month (default: None)
  -l, --last-month	Shortcut for -sd & -ed for last month (default: False)
  -t, --this-month	Shortcut for -sd for this month (default: False)
  -d, --daily		Show daily downloads (default: False)
  --monthly		Show monthly downloads (default: False)
  -c {yes,no,auto}, --color {yes,no,auto}
			Color terminal output (default: auto)
  -v, --verbose		Print debug messages to stderr (default: False)
source .env/bin/activate && pypistats recent --help
usage: pypistats recent [-h] [-p {day,week,month}] [-f {html,json,markdown,rst,tsv}] [-j] [-v] package

Retrieve the aggregate download quantities for the last day/week/month

positional arguments:
  package

optional arguments:
  -h, --help		show this help message and exit
  -p {day,week,month}, --period {day,week,month}
  -f {html,json,markdown,rst,tsv}, --format {html,json,markdown,rst,tsv}
			The format of output (default: markdown)
  -j, --json		Shortcut for "-f json" (default: False)
  -v, --verbose		Print debug messages to stderr (default: False)
source .env/bin/activate && pypistats system --help
usage: pypistats system [-h] [-o OS] [-f {html,json,markdown,rst,tsv}] [-j] [-sd yyyy-mm[-dd]|name] [-ed yyyy-mm[-dd]|name] [-m yyyy-mm|name] [-l] [-t] [-d] [--monthly] [-c {yes,no,auto}] [-v] package

Retrieve the aggregate daily download time series by operating system

positional arguments:
  package

optional arguments:
  -h, --help		show this help message and exit
  -o OS, --os OS	eg. windows, linux, darwin or other (default: None)
  -f {html,json,markdown,rst,tsv}, --format {html,json,markdown,rst,tsv}
			The format of output (default: markdown)
  -j, --json		Shortcut for "-f json" (default: False)
  -sd yyyy-mm[-dd]|name, --start-date yyyy-mm[-dd]|name
			Start date (default: None)
  -ed yyyy-mm[-dd]|name, --end-date yyyy-mm[-dd]|name
			End date (default: None)
  -m yyyy-mm|name, --month yyyy-mm|name
			Shortcut for -sd & -ed for a single month (default: None)
  -l, --last-month	Shortcut for -sd & -ed for last month (default: False)
  -t, --this-month	Shortcut for -sd for this month (default: False)
  -d, --daily		Show daily downloads (default: False)
  --monthly		Show monthly downloads (default: False)
  -c {yes,no,auto}, --color {yes,no,auto}
			Color terminal output (default: auto)
  -v, --verbose		Print debug messages to stderr (default: False)
source .env/bin/activate && pypistats python_major --help
usage: pypistats python_major [-h] [-V VERSION] [-f {html,json,markdown,rst,tsv}] [-j] [-sd yyyy-mm[-dd]|name] [-ed yyyy-mm[-dd]|name] [-m yyyy-mm|name] [-l] [-t] [-d] [--monthly] [-c {yes,no,auto}]
			      [-v]
			      package

Retrieve the aggregate daily download time series by Python major version number

positional arguments:
  package

optional arguments:
  -h, --help		show this help message and exit
  -V VERSION, --version VERSION
			eg. 2 or 3 (default: None)
  -f {html,json,markdown,rst,tsv}, --format {html,json,markdown,rst,tsv}
			The format of output (default: markdown)
  -j, --json		Shortcut for "-f json" (default: False)
  -sd yyyy-mm[-dd]|name, --start-date yyyy-mm[-dd]|name
			Start date (default: None)
  -ed yyyy-mm[-dd]|name, --end-date yyyy-mm[-dd]|name
			End date (default: None)
  -m yyyy-mm|name, --month yyyy-mm|name
			Shortcut for -sd & -ed for a single month (default: None)
  -l, --last-month	Shortcut for -sd & -ed for last month (default: False)
  -t, --this-month	Shortcut for -sd for this month (default: False)
  -d, --daily		Show daily downloads (default: False)
  --monthly		Show monthly downloads (default: False)
  -c {yes,no,auto}, --color {yes,no,auto}
			Color terminal output (default: auto)
  -v, --verbose		Print debug messages to stderr (default: False)
source .env/bin/activate && pypistats python_minor --help
usage: pypistats python_minor [-h] [-V VERSION] [-f {html,json,markdown,rst,tsv}] [-j] [-sd yyyy-mm[-dd]|name] [-ed yyyy-mm[-dd]|name] [-m yyyy-mm|name] [-l] [-t] [-d] [--monthly] [-c {yes,no,auto}]
			      [-v]
			      package

Retrieve the aggregate daily download time series by Python minor version number

positional arguments:
  package

optional arguments:
  -h, --help		show this help message and exit
  -V VERSION, --version VERSION
			eg. 2.7 or 3.6 (default: None)
  -f {html,json,markdown,rst,tsv}, --format {html,json,markdown,rst,tsv}
			The format of output (default: markdown)
  -j, --json		Shortcut for "-f json" (default: False)
  -sd yyyy-mm[-dd]|name, --start-date yyyy-mm[-dd]|name
			Start date (default: None)
  -ed yyyy-mm[-dd]|name, --end-date yyyy-mm[-dd]|name
			End date (default: None)
  -m yyyy-mm|name, --month yyyy-mm|name
			Shortcut for -sd & -ed for a single month (default: None)
  -l, --last-month	Shortcut for -sd & -ed for last month (default: False)
  -t, --this-month	Shortcut for -sd for this month (default: False)
  -d, --daily		Show daily downloads (default: False)
  --monthly		Show monthly downloads (default: False)
  -c {yes,no,auto}, --color {yes,no,auto}
			Color terminal output (default: auto)
  -v, --verbose		Print debug messages to stderr (default: False)
source .env/bin/activate && pypistats recent -p month -j elastic-blast
{"data": {"last_month": 105}, "package": "elastic-blast", "type": "recent_downloads"}

Script done on Sat 27 Nov 2021 03:36:30 PM EST
